FlexBot/build/outputs/logs/manifest-merger-debug-report.txt
-- Merging decision tree log ---
manifest
ADDED from src\main\AndroidManifest.xml:2:1-77:12
	package
		ADDED from src\main\AndroidManifest.xml:3:5-36
		INJECTED from src\main\AndroidManifest.xml
		INJECTED from src\main\AndroidManifest.xml
	android:versionName
		ADDED from src\main\AndroidManifest.xml:5:5-32
		INJECTED from src\main\AndroidManifest.xml
		INJECTED from src\main\AndroidManifest.xml
	android:versionCode
		ADDED from src\main\AndroidManifest.xml:4:5-28
		INJECTED from src\main\AndroidManifest.xml
		INJECTED from src\main\AndroidManifest.xml
	xmlns:android
		ADDED from src\main\AndroidManifest.xml:2:11-69
uses-sdk
ADDED from src\main\AndroidManifest.xml:7:5-9:41
	android:targetSdkVersion
		ADDED from src\main\AndroidManifest.xml:9:9-38
		INJECTED from src\main\AndroidManifest.xml
		INJECTED from src\main\AndroidManifest.xml
	android:minSdkVersion
		ADDED from src\main\AndroidManifest.xml:8:9-35
		INJECTED from src\main\AndroidManifest.xml
		INJECTED from src\main\AndroidManifest.xml
uses-feature#0x00020000
ADDED from src\main\AndroidManifest.xml:10:5-77
	android:glEsVersion
		ADDED from src\main\AndroidManifest.xml:10:43-75
	android:required
		ADDED from src\main\AndroidManifest.xml:10:19-42
uses-feature#android.hardware.bluetooth_le
ADDED from src\main\AndroidManifest.xml:16:5-89
	android:required
		ADDED from src\main\AndroidManifest.xml:16:64-87
	android:name
		ADDED from src\main\AndroidManifest.xml:16:19-63
uses-feature#android.hardware.faketouch.multitouch.distinct
ADDED from src\main\AndroidManifest.xml:18:5-20:36
	android:required
		ADDED from src\main\AndroidManifest.xml:20:9-33
	android:name
		ADDED from src\main\AndroidManifest.xml:19:9-70
uses-feature#android.hardware.multitouch.distinct
ADDED from src\main\AndroidManifest.xml:21:5-23:36
	android:required
		ADDED from src\main\AndroidManifest.xml:23:9-33
	android:name
		ADDED from src\main\AndroidManifest.xml:22:9-60
uses-feature#android.hardware.wifi
ADDED from src\main\AndroidManifest.xml:24:5-26:35
	android:required
		ADDED from src\main\AndroidManifest.xml:26:9-32
	android:name
		ADDED from src\main\AndroidManifest.xml:25:9-45
uses-permission#android.permission.MOUNT_UNMOUNT_FILESYSTEMS
ADDED from src\main\AndroidManifest.xml:28:5-100
	android:name
		ADDED from src\main\AndroidManifest.xml:28:22-81
uses-permission#android.permission.BLUETOOTH
ADDED from src\main\AndroidManifest.xml:30:5-67
	android:name
		ADDED from src\main\AndroidManifest.xml:30:22-65
uses-permission#android.permission.BLUETOOTH_ADMIN
ADDED from src\main\AndroidManifest.xml:31:5-73
	android:name
		ADDED from src\main\AndroidManifest.xml:31:22-71
uses-permission#android.permission.INTERNET
ADDED from src\main\AndroidManifest.xml:33:5-67
	android:name
		ADDED from src\main\AndroidManifest.xml:33:22-64
uses-permission#android.permission.CHANGE_WIFI_MULTICAST_STATE
ADDED from src\main\AndroidManifest.xml:34:5-86
	android:name
		ADDED from src\main\AndroidManifest.xml:34:22-83
uses-permission#android.permission.WAKE_LOCK
ADDED from src\main\AndroidManifest.xml:36:5-68
	android:name
		ADDED from src\main\AndroidManifest.xml:36:22-65
uses-permission#android.permission.WRITE_EXTERNAL_STORAGE
ADDED from src\main\AndroidManifest.xml:37:5-81
	android:name
		ADDED from src\main\AndroidManifest.xml:37:22-78
uses-permission#android.permission.WRITE_INTERNAL_STORAGE
ADDED from src\main\AndroidManifest.xml:38:5-81
	android:name
		ADDED from src\main\AndroidManifest.xml:38:22-78
uses-permission#android.permission.CHANGE_NETWORK_STATE
ADDED from src\main\AndroidManifest.xml:40:5-96
	android:name
		ADDED from src\main\AndroidManifest.xml:40:22-76
uses-permission#android.permission.CHANGE_WIFI_STATE
ADDED from src\main\AndroidManifest.xml:41:5-93
	android:name
		ADDED from src\main\AndroidManifest.xml:41:22-73
uses-permission#android.permission.ACCESS_NETWORK_STATE
ADDED from src\main\AndroidManifest.xml:42:5-96
	android:name
		ADDED from src\main\AndroidManifest.xml:42:22-76
uses-permission#android.permission.ACCESS_WIFI_STATE
ADDED from src\main\AndroidManifest.xml:43:5-93
	android:name
		ADDED from src\main\AndroidManifest.xml:43:22-73
supports-screens
ADDED from src\main\AndroidManifest.xml:45:6-50:36
	android:largeScreens
		ADDED from src\main\AndroidManifest.xml:48:9-36
	android:smallScreens
		ADDED from src\main\AndroidManifest.xml:46:9-36
	android:normalScreens
		ADDED from src\main\AndroidManifest.xml:47:9-37
	android:resizeable
		ADDED from src\main\AndroidManifest.xml:49:9-34
	android:anyDensity
		ADDED from src\main\AndroidManifest.xml:50:9-34
application
ADDED from src\main\AndroidManifest.xml:52:5-75:19
	android:label
		ADDED from src\main\AndroidManifest.xml:55:9-41
	android:allowBackup
		ADDED from src\main\AndroidManifest.xml:53:9-35
	android:icon
		ADDED from src\main\AndroidManifest.xml:54:9-46
	android:theme
		ADDED from src\main\AndroidManifest.xml:56:9-40
	android:name
		ADDED from src\main\AndroidManifest.xml:56:41-96
activity#com.hexairbot.hexmini.MainExActivity
ADDED from src\main\AndroidManifest.xml:57:9-67:20
	android:screenOrientation
		ADDED from src\main\AndroidManifest.xml:62:13-50
	android:label
		ADDED from src\main\AndroidManifest.xml:60:13-45
	android:configChanges
		ADDED from src\main\AndroidManifest.xml:59:13-74
	android:theme
		ADDED from src\main\AndroidManifest.xml:61:13-71
	android:name
		ADDED from src\main\AndroidManifest.xml:58:13-64
intent-filter#android.intent.action.MAIN+android.intent.category.LAUNCHER
ADDED from src\main\AndroidManifest.xml:63:13-66:29
action#android.intent.action.MAIN
ADDED from src\main\AndroidManifest.xml:64:17-69
	android:name
		ADDED from src\main\AndroidManifest.xml:64:25-66
category#android.intent.category.LAUNCHER
ADDED from src\main\AndroidManifest.xml:65:17-77
	android:name
		ADDED from src\main\AndroidManifest.xml:65:27-74
service#com.hexairbot.hexmini.ble.BluetoothLeService
ADDED from src\main\AndroidManifest.xml:68:9-111
	android:enabled
		ADDED from src\main\AndroidManifest.xml:68:78-100
	android:name
		ADDED from src\main\AndroidManifest.xml:68:18-77
service#com.vmc.ipc.service.IpcControlService
ADDED from src\main\AndroidManifest.xml:69:9-81
	android:name
		ADDED from src\main\AndroidManifest.xml:69:18-70
service#com.vmc.ipc.service.ApConnectService
ADDED from src\main\AndroidManifest.xml:70:9-80
	android:name
		ADDED from src\main\AndroidManifest.xml:70:18-69
activity#com.hexairbot.hexmini.HelpActivity
ADDED from src\main\AndroidManifest.xml:71:9-139
	android:theme
		ADDED from src\main\AndroidManifest.xml:71:69-127
	android:name
		ADDED from src\main\AndroidManifest.xml:71:19-68
activity#com.hexairbot.hexmini.ipc.activity.GalleryActivity
ADDED from src\main\AndroidManifest.xml:72:9-134
	android:screenOrientation
		ADDED from src\main\AndroidManifest.xml:72:85-122
	android:name
		ADDED from src\main\AndroidManifest.xml:72:19-84
activity#com.hexairbot.hexmini.FeedbackActivity
ADDED from src\main\AndroidManifest.xml:73:6-178
	android:screenOrientation
		ADDED from src\main\AndroidManifest.xml:73:70-107
	android:theme
		ADDED from src\main\AndroidManifest.xml:73:108-166
	android:name
		ADDED from src\main\AndroidManifest.xml:73:16-69
activity#com.hexairbot.hexmini.ipc.activity.ShareMediaActivity
ADDED from src\main\AndroidManifest.xml:74:6-135
	android:screenOrientation
		ADDED from src\main\AndroidManifest.xml:74:85-122
	android:name
		ADDED from src\main\AndroidManifest.xml:74:16-84